<?xml version="1.0" encoding="UTF-8"?>
<testsuite xmlns:xsi="http://www.w3.org/2001/XMLSchema-instance" xsi:noNamespaceSchemaLocation="https://maven.apache.org/surefire/maven-surefire-plugin/xsd/surefire-test-report-3.0.xsd" version="3.0" name="com.example.demo.DemoApplicationTests" time="10.142" tests="1" errors="0" skipped="0" failures="0">
  <properties>
[...]
</properties>
  <testcase name="contextLoads" classname="com.example.demo.DemoApplicationTests" time="0.455">
    <system-out><![CDATA[19:25:08.535 [main] INFO org.springframework.test.context.support.AnnotationConfigContextLoaderUtils -- Could not detect default configuration classes for test class [com.example.demo.DemoApplicationTests]: DemoApplicationTests does not declare any static, non-private, non-final, nested classes annotated with @Configuration.
19:25:08.718 [main] INFO org.springframework.boot.test.context.SpringBootTestContextBootstrapper -- Found @SpringBootConfiguration com.example.demo.DemoApplication for test class com.example.demo.DemoApplicationTests

  .   ____          _            __ _ _
 /\\ / ___'_ __ _ _(_)_ __  __ _ \ \ \ \
( ( )\___ | '_ | '_| | '_ \/ _` | \ \ \ \
 \\/  ___)| |_)| | | | | || (_| |  ) ) ) )
  '  |____| .__|_| |_|_| |_\__, | / / / /
 =========|_|==============|___/=/_/_/_/
 :: Spring Boot ::                (v3.2.0)

2025-10-16T19:25:09.416+07:00  INFO 1060 --- [library-management-system] [           main] com.example.demo.DemoApplicationTests    : Starting DemoApplicationTests using Java 24.0.2 with PID 1060 (started by Haichann in C:\Users\pc\Desktop\FPT university\Semester_5\HSF302\FU_Library)
2025-10-16T19:25:09.420+07:00  INFO 1060 --- [library-management-system] [           main] com.example.demo.DemoApplicationTests    : No active profile set, falling back to 1 default profile: "default"
2025-10-16T19:25:10.526+07:00  INFO 1060 --- [library-management-system] [           main] .s.d.r.c.RepositoryConfigurationDelegate : Bootstrapping Spring Data JPA repositories in DEFAULT mode.
2025-10-16T19:25:10.656+07:00  INFO 1060 --- [library-management-system] [           main] .s.d.r.c.RepositoryConfigurationDelegate : Finished Spring Data repository scanning in 115 ms. Found 9 JPA repository interfaces.
2025-10-16T19:25:11.433+07:00  INFO 1060 --- [library-management-system] [           main] o.hibernate.jpa.internal.util.LogHelper  : HHH000204: Processing PersistenceUnitInfo [name: default]
2025-10-16T19:25:11.661+07:00  INFO 1060 --- [library-management-system] [           main] org.hibernate.Version                    : HHH000412: Hibernate ORM core version 6.3.1.Final
2025-10-16T19:25:11.804+07:00  INFO 1060 --- [library-management-system] [           main] o.h.c.internal.RegionFactoryInitiator    : HHH000026: Second-level cache disabled
2025-10-16T19:25:12.265+07:00  INFO 1060 --- [library-management-system] [           main] o.s.o.j.p.SpringPersistenceUnitInfo      : No LoadTimeWeaver setup: ignoring JPA class transformer
2025-10-16T19:25:12.301+07:00  INFO 1060 --- [library-management-system] [           main] com.zaxxer.hikari.HikariDataSource       : HikariPool-1 - Starting...
2025-10-16T19:25:12.582+07:00  INFO 1060 --- [library-management-system] [           main] com.zaxxer.hikari.pool.HikariPool        : HikariPool-1 - Added connection conn0: url=jdbc:h2:mem:testdb user=SA
2025-10-16T19:25:12.584+07:00  INFO 1060 --- [library-management-system] [           main] com.zaxxer.hikari.HikariDataSource       : HikariPool-1 - Start completed.
2025-10-16T19:25:12.632+07:00  WARN 1060 --- [library-management-system] [           main] org.hibernate.orm.deprecation            : HHH90000025: H2Dialect does not need to be specified explicitly using 'hibernate.dialect' (remove the property setting and it will be selected by default)
2025-10-16T19:25:13.815+07:00  INFO 1060 --- [library-management-system] [           main] o.h.e.t.j.p.i.JtaPlatformInitiator       : HHH000489: No JTA platform available (set 'hibernate.transaction.jta.platform' to enable JTA platform integration)
Hibernate: 
    drop table if exists authors cascade 
Hibernate: 
    drop table if exists book_authors cascade 
Hibernate: 
    drop table if exists books cascade 
Hibernate: 
    drop table if exists borrow_records cascade 
Hibernate: 
    drop table if exists carts cascade 
Hibernate: 
    drop table if exists libraries cascade 
Hibernate: 
    drop table if exists managers cascade 
Hibernate: 
    drop table if exists memberships cascade 
Hibernate: 
    drop table if exists payment_transactions cascade 
Hibernate: 
    drop table if exists users cascade 
Hibernate: 
    create table authors (
        id bigint generated by default as identity,
        biography varchar(255),
        name varchar(255) not null,
        nationality varchar(255),
        primary key (id)
    )
Hibernate: 
    create table book_authors (
        author_id bigint not null,
        book_id bigint not null
    )
Hibernate: 
    create table books (
        available_copies integer not null,
        total_copies integer not null,
        created_at timestamp(6),
        id bigint generated by default as identity,
        library_id bigint not null,
        description varchar(255),
        isbn varchar(255) not null,
        title varchar(255) not null,
        primary key (id)
    )
Hibernate: 
    create table borrow_records (
        fine_amount float(53),
        book_id bigint not null,
        borrow_date timestamp(6) not null,
        due_date timestamp(6) not null,
        id bigint generated by default as identity,
        return_date timestamp(6),
        user_id bigint not null,
        status varchar(255) not null check (status in ('BORROWED','RETURNED','OVERDUE')),
        primary key (id)
    )
Hibernate: 
    create table carts (
        added_at timestamp(6),
        book_id bigint not null,
        id bigint generated by default as identity,
        user_id bigint not null,
        primary key (id)
    )
Hibernate: 
    create table libraries (
        id bigint generated by default as identity,
        address varchar(255) not null,
        name varchar(255) not null,
        phone varchar(255) not null,
        primary key (id)
    )
Hibernate: 
    create table managers (
        created_at timestamp(6),
        id bigint generated by default as identity,
        library_id bigint not null,
        email varchar(255) not null unique,
        name varchar(255) not null,
        password varchar(255) not null,
        phone varchar(255) not null,
        primary key (id)
    )
Hibernate: 
    create table memberships (
        max_books_per_month integer not null,
        price float(53) not null,
        id bigint generated by default as identity,
        description varchar(255),
        type varchar(255) not null check (type in ('ORDINARY','ADVANCE','PREMIUM')),
        primary key (id)
    )
Hibernate: 
    create table payment_transactions (
        amount float(53) not null,
        id bigint generated by default as identity,
        transaction_date timestamp(6) not null,
        user_id bigint not null,
        description varchar(255),
        type varchar(255) not null check (type in ('DEPOSIT','MEMBERSHIP_PURCHASE','FINE_PAYMENT')),
        primary key (id)
    )
Hibernate: 
    create table users (
        balance float(53) not null,
        is_banned boolean not null,
        created_at timestamp(6),
        id bigint generated by default as identity,
        library_id bigint not null,
        membership_expires_at timestamp(6),
        membership_id bigint,
        email varchar(255) not null unique,
        name varchar(255) not null,
        password varchar(255) not null,
        phone varchar(255) not null,
        primary key (id)
    )
Hibernate: 
    alter table if exists book_authors 
       add constraint FKo86065vktj3hy1m7syr9cn7va 
       foreign key (author_id) 
       references authors
Hibernate: 
    alter table if exists book_authors 
       add constraint FKbhqtkv2cndf10uhtknaqbyo0a 
       foreign key (book_id) 
       references books
Hibernate: 
    alter table if exists books 
       add constraint FK6gdvp1ko0pawgafhn1hyhsxia 
       foreign key (library_id) 
       references libraries
Hibernate: 
    alter table if exists borrow_records 
       add constraint FK9ep13xg9kn8vo3w0ntvd08tco 
       foreign key (book_id) 
       references books
Hibernate: 
    alter table if exists borrow_records 
       add constraint FKe5k0iaamaypstfhuluoa40yom 
       foreign key (user_id) 
       references users
Hibernate: 
    alter table if exists carts 
       add constraint FK1oy8oyhoej8p1v2ii97d29x15 
       foreign key (book_id) 
       references books
Hibernate: 
    alter table if exists carts 
       add constraint FKb5o626f86h46m4s7ms6ginnop 
       foreign key (user_id) 
       references users
Hibernate: 
    alter table if exists managers 
       add constraint FKllmqgfgesyxhtfx6m9ucvem4j 
       foreign key (library_id) 
       references libraries
Hibernate: 
    alter table if exists payment_transactions 
       add constraint FKo4904wf3pxl3mbx5ntf52h70w 
       foreign key (user_id) 
       references users
Hibernate: 
    alter table if exists users 
       add constraint FK7e5hj79v26f8kycxia7p5so6i 
       foreign key (library_id) 
       references libraries
Hibernate: 
    alter table if exists users 
       add constraint FKd8u6qiogyr0w5vfkohbn44gtl 
       foreign key (membership_id) 
       references memberships
2025-10-16T19:25:13.910+07:00  INFO 1060 --- [library-management-system] [           main] j.LocalContainerEntityManagerFactoryBean : Initialized JPA EntityManagerFactory for persistence unit 'default'
2025-10-16T19:25:15.009+07:00  INFO 1060 --- [library-management-system] [           main] o.s.d.j.r.query.QueryEnhancerFactory     : Hibernate is in classpath; If applicable, HQL parser will be used.
Hibernate: 
    select
        count(*) 
    from
        memberships m1_0
Hibernate: 
    insert 
    into
        memberships
        (description, max_books_per_month, price, type, id) 
    values
        (?, ?, ?, ?, default)
Hibernate: 
    insert 
    into
        memberships
        (description, max_books_per_month, price, type, id) 
    values
        (?, ?, ?, ?, default)
Hibernate: 
    insert 
    into
        memberships
        (description, max_books_per_month, price, type, id) 
    values
        (?, ?, ?, ?, default)
2025-10-16T19:25:16.744+07:00  WARN 1060 --- [library-management-system] [           main] JpaBaseConfiguration$JpaWebConfiguration : spring.jpa.open-in-view is enabled by default. Therefore, database queries may be performed during view rendering. Explicitly configure spring.jpa.open-in-view to disable this warning
2025-10-16T19:25:16.784+07:00  INFO 1060 --- [library-management-system] [           main] o.s.b.a.w.s.WelcomePageHandlerMapping    : Adding welcome page template: index
2025-10-16T19:25:17.466+07:00  INFO 1060 --- [library-management-system] [           main] o.s.b.a.h2.H2ConsoleAutoConfiguration    : H2 console available at '/h2-console'. Database available at 'jdbc:h2:mem:testdb'
2025-10-16T19:25:17.599+07:00  INFO 1060 --- [library-management-system] [           main] com.example.demo.DemoApplicationTests    : Started DemoApplicationTests in 8.656 seconds (process running for 9.931)
Hibernate: 
    select
        l1_0.id,
        l1_0.address,
        l1_0.name,
        l1_0.phone 
    from
        libraries l1_0
Hibernate: 
    insert 
    into
        libraries
        (address, name, phone, id) 
    values
        (?, ?, ?, default)
Hibernate: 
    select
        count(*) 
    from
        managers m1_0
Hibernate: 
    insert 
    into
        managers
        (created_at, email, library_id, name, password, phone, id) 
    values
        (?, ?, ?, ?, ?, ?, default)
Hibernate: 
    select
        count(*) 
    from
        users u1_0
Hibernate: 
    select
        m1_0.id,
        m1_0.description,
        m1_0.max_books_per_month,
        m1_0.price,
        m1_0.type 
    from
        memberships m1_0 
    where
        m1_0.type=?
Hibernate: 
    insert 
    into
        users
        (balance, created_at, email, is_banned, library_id, membership_id, membership_expires_at, name, password, phone, id) 
    values
        (?, ?, ?, ?, ?, ?, ?, ?, ?, ?, default)
Hibernate: 
    select
        m1_0.id,
        m1_0.description,
        m1_0.max_books_per_month,
        m1_0.price,
        m1_0.type 
    from
        memberships m1_0 
    where
        m1_0.type=?
Hibernate: 
    insert 
    into
        users
        (balance, created_at, email, is_banned, library_id, membership_id, membership_expires_at, name, password, phone, id) 
    values
        (?, ?, ?, ?, ?, ?, ?, ?, ?, ?, default)
Hibernate: 
    select
        count(*) 
    from
        authors a1_0
Hibernate: 
    insert 
    into
        authors
        (biography, name, nationality, id) 
    values
        (?, ?, ?, default)
Hibernate: 
    insert 
    into
        authors
        (biography, name, nationality, id) 
    values
        (?, ?, ?, default)
Hibernate: 
    insert 
    into
        authors
        (biography, name, nationality, id) 
    values
        (?, ?, ?, default)
Hibernate: 
    select
        count(*) 
    from
        books b1_0
Hibernate: 
    select
        l1_0.id,
        l1_0.address,
        l1_0.name,
        l1_0.phone 
    from
        libraries l1_0
Hibernate: 
    insert 
    into
        books
        (available_copies, created_at, description, isbn, library_id, title, total_copies, id) 
    values
        (?, ?, ?, ?, ?, ?, ?, default)
Hibernate: 
    insert 
    into
        books
        (available_copies, created_at, description, isbn, library_id, title, total_copies, id) 
    values
        (?, ?, ?, ?, ?, ?, ?, default)
Hibernate: 
    insert 
    into
        books
        (available_copies, created_at, description, isbn, library_id, title, total_copies, id) 
    values
        (?, ?, ?, ?, ?, ?, ?, default)
]]></system-out>
    <system-err><![CDATA[WARNING: A Java agent has been loaded dynamically (C:\Users\pc\.m2\repository\net\bytebuddy\byte-buddy-agent\1.14.10\byte-buddy-agent-1.14.10.jar)
WARNING: If a serviceability tool is in use, please run with -XX:+EnableDynamicAgentLoading to hide this warning
WARNING: If a serviceability tool is not in use, please run with -Djdk.instrument.traceUsage for more information
WARNING: Dynamic loading of agents will be disallowed by default in a future release
]]></system-err>
  </testcase>
</testsuite>